<?xml version="1.0" encoding="UTF-8"?>
<!-- Generated by org.testng.reporters.JUnitReportReporter -->
<testsuite hostname="QT-INBG-LT0746" failures="0" tests="3" name="auto.Registration" time="22.587" errors="0" timestamp="2022-09-20T11:41:53 IST" skipped="0">
  <testcase classname="auto.Registration" name="setup" time="7.270"/>
  <system-out/>
  <testcase classname="auto.Registration" name="setup" time="8.845"/>
  <system-out/>
  <testcase classname="auto.Registration" name="setup" time="6.472"/>
  <system-out/>
</testsuite> <!-- auto.Registration -->
