<?xml version="1.0" encoding="UTF-8"?>
<!-- Generated by org.testng.reporters.JUnitReportReporter -->
<testsuite hostname="QT-INBG-LT0746" failures="0" tests="1" name="auto.Registrationtest" time="7.409" errors="0" timestamp="2022-09-20T11:41:53 IST" skipped="0">
  <testcase classname="auto.Registrationtest" name="register" time="7.409"/>
  <system-out/>
</testsuite> <!-- auto.Registrationtest -->
