<?xml version="1.0" encoding="UTF-8"?>
<!-- Generated by org.testng.reporters.JUnitReportReporter -->
<testsuite hostname="QT-INBG-LT0746" failures="0" tests="3" name="auto.Login" time="15.413" errors="0" timestamp="2022-09-20T11:41:53 IST" skipped="0">
  <testcase classname="auto.Login" name="setup" time="4.963"/>
  <system-out/>
  <testcase classname="auto.Login" name="setup" time="4.981"/>
  <system-out/>
  <testcase classname="auto.Login" name="setup" time="5.469"/>
  <system-out/>
</testsuite> <!-- auto.Login -->
